<?xml version="1.0" encoding="UTF-8" standalone="no"?>
<testsuite failures="0" name="cucumber.runtime.formatter.JUnitFormatter" skipped="0" tests="1" time="16.567079">
    <testcase classname="Deal data creation" name="Free CRM create a new contact scenario" time="16.567079">
        <system-out><![CDATA[Given user is already on Login Page.........................................passed
When title of login page is Free CRM........................................passed
Then user enters username and password......................................passed
Then user clicks on login button............................................passed
Then user is on home Page...................................................passed
Then click on deals page....................................................passed
Then user enters deal details...............................................passed
Then browser closes.........................................................passed
]]></system-out>
    </testcase>
</testsuite>
